c:\users\zooz2\source\repos\d2dteam_gongtigigi_\client\debug\client.pch
c:\users\zooz2\source\repos\d2dteam_gongtigigi_\client\debug\vc140.pdb
c:\users\zooz2\source\repos\d2dteam_gongtigigi_\client\debug\vc140.idb
c:\users\zooz2\source\repos\d2dteam_gongtigigi_\client\debug\stdafx.obj
c:\users\zooz2\source\repos\d2dteam_gongtigigi_\client\debug\client.obj
c:\users\zooz2\source\repos\d2dteam_gongtigigi_\client\debug\gameobject.obj
c:\users\zooz2\source\repos\d2dteam_gongtigigi_\client\debug\keymgr.obj
c:\users\zooz2\source\repos\d2dteam_gongtigigi_\client\debug\maingame.obj
c:\users\zooz2\source\repos\d2dteam_gongtigigi_\client\debug\matrixmaker.obj
c:\users\zooz2\source\repos\d2dteam_gongtigigi_\client\debug\mouse.obj
c:\users\zooz2\source\repos\d2dteam_gongtigigi_\client\debug\multitexture.obj
c:\users\zooz2\source\repos\d2dteam_gongtigigi_\client\debug\scrollmgr.obj
c:\users\zooz2\source\repos\d2dteam_gongtigigi_\client\debug\singletexture.obj
c:\users\zooz2\source\repos\d2dteam_gongtigigi_\client\debug\terrain.obj
c:\users\zooz2\source\repos\d2dteam_gongtigigi_\client\debug\texture.obj
c:\users\zooz2\source\repos\d2dteam_gongtigigi_\client\debug\texturemgr.obj
c:\users\zooz2\source\repos\d2dteam_gongtigigi_\client\debug\timemgr.obj
c:\users\zooz2\source\repos\d2dteam_gongtigigi_\client\debug\devicemgr.obj
c:\users\zooz2\source\repos\d2dteam_gongtigigi_\client\debug\client.res
c:\users\zooz2\source\repos\d2dteam_gongtigigi_\debug\client.pdb
c:\users\zooz2\source\repos\d2dteam_gongtigigi_\client\debug\client.tlog\cl.command.1.tlog
c:\users\zooz2\source\repos\d2dteam_gongtigigi_\client\debug\client.tlog\cl.read.1.tlog
c:\users\zooz2\source\repos\d2dteam_gongtigigi_\client\debug\client.tlog\cl.write.1.tlog
c:\users\zooz2\source\repos\d2dteam_gongtigigi_\client\debug\client.tlog\link-cvtres.read.1.tlog
c:\users\zooz2\source\repos\d2dteam_gongtigigi_\client\debug\client.tlog\link-cvtres.write.1.tlog
c:\users\zooz2\source\repos\d2dteam_gongtigigi_\client\debug\client.tlog\link-rc.read.1.tlog
c:\users\zooz2\source\repos\d2dteam_gongtigigi_\client\debug\client.tlog\link-rc.write.1.tlog
c:\users\zooz2\source\repos\d2dteam_gongtigigi_\client\debug\client.tlog\link.command.1.tlog
c:\users\zooz2\source\repos\d2dteam_gongtigigi_\client\debug\client.tlog\link.read.1.tlog
c:\users\zooz2\source\repos\d2dteam_gongtigigi_\client\debug\client.tlog\link.write.1.tlog
c:\users\zooz2\source\repos\d2dteam_gongtigigi_\client\debug\client.tlog\rc.command.1.tlog
c:\users\zooz2\source\repos\d2dteam_gongtigigi_\client\debug\client.tlog\rc.read.1.tlog
c:\users\zooz2\source\repos\d2dteam_gongtigigi_\client\debug\client.tlog\rc.write.1.tlog
